<?xml version="1.0" encoding="UTF-8"?>
<testsuite xmlns:xsi="http://www.w3.org/2001/XMLSchema-instance" xsi:noNamespaceSchemaLocation="https://maven.apache.org/surefire/maven-surefire-plugin/xsd/surefire-test-report.xsd" name="org.cis120.Task3Test" time="0.001" tests="9" errors="9" skipped="0" failures="0">
  <properties>
    <property name="java.specification.version" value="17"/>
    <property name="sun.jnu.encoding" value="UTF-8"/>
    <property name="java.class.path" value="/home/codio/workspace/target/test-classes:/home/codio/workspace/target/classes:/home/codio/.m2/repository/org/junit/jupiter/junit-jupiter-engine/5.7.0/junit-jupiter-engine-5.7.0.jar:/home/codio/.m2/repository/org/apiguardian/apiguardian-api/1.1.0/apiguardian-api-1.1.0.jar:/home/codio/.m2/repository/org/junit/platform/junit-platform-engine/1.7.0/junit-platform-engine-1.7.0.jar:/home/codio/.m2/repository/org/opentest4j/opentest4j/1.2.0/opentest4j-1.2.0.jar:/home/codio/.m2/repository/org/junit/platform/junit-platform-commons/1.7.0/junit-platform-commons-1.7.0.jar:/home/codio/.m2/repository/org/junit/jupiter/junit-jupiter-api/5.7.0/junit-jupiter-api-5.7.0.jar:"/>
    <property name="java.vm.vendor" value="Oracle Corporation"/>
    <property name="sun.arch.data.model" value="64"/>
    <property name="java.vendor.url" value="https://java.oracle.com/"/>
    <property name="os.name" value="Linux"/>
    <property name="java.vm.specification.version" value="17"/>
    <property name="sun.java.launcher" value="SUN_STANDARD"/>
    <property name="user.country" value="US"/>
    <property name="sun.boot.library.path" value="/opt/jdk-17/lib"/>
    <property name="sun.java.command" value="/home/codio/workspace/target/surefire/surefirebooter3727185450662349843.jar /home/codio/workspace/target/surefire 2022-03-28T13-02-11_251-jvmRun1 surefire12323189525084355026tmp surefire_016175346052433567001tmp"/>
    <property name="jdk.debug" value="release"/>
    <property name="surefire.test.class.path" value="/home/codio/workspace/target/test-classes:/home/codio/workspace/target/classes:/home/codio/.m2/repository/org/junit/jupiter/junit-jupiter-engine/5.7.0/junit-jupiter-engine-5.7.0.jar:/home/codio/.m2/repository/org/apiguardian/apiguardian-api/1.1.0/apiguardian-api-1.1.0.jar:/home/codio/.m2/repository/org/junit/platform/junit-platform-engine/1.7.0/junit-platform-engine-1.7.0.jar:/home/codio/.m2/repository/org/opentest4j/opentest4j/1.2.0/opentest4j-1.2.0.jar:/home/codio/.m2/repository/org/junit/platform/junit-platform-commons/1.7.0/junit-platform-commons-1.7.0.jar:/home/codio/.m2/repository/org/junit/jupiter/junit-jupiter-api/5.7.0/junit-jupiter-api-5.7.0.jar:"/>
    <property name="sun.cpu.endian" value="little"/>
    <property name="user.home" value="/home/codio"/>
    <property name="user.language" value="en"/>
    <property name="java.specification.vendor" value="Oracle Corporation"/>
    <property name="java.version.date" value="2022-01-18"/>
    <property name="java.home" value="/opt/jdk-17"/>
    <property name="file.separator" value="/"/>
    <property name="basedir" value="/home/codio/workspace"/>
    <property name="java.vm.compressedOopsMode" value="32-bit"/>
    <property name="line.separator" value="&#10;"/>
    <property name="java.vm.specification.vendor" value="Oracle Corporation"/>
    <property name="java.specification.name" value="Java Platform API Specification"/>
    <property name="surefire.real.class.path" value="/home/codio/workspace/target/surefire/surefirebooter3727185450662349843.jar"/>
    <property name="sun.management.compiler" value="HotSpot 64-Bit Tiered Compilers"/>
    <property name="java.runtime.version" value="17.0.2+8-86"/>
    <property name="user.name" value="codio"/>
    <property name="path.separator" value=":"/>
    <property name="os.version" value="5.4.0-1065-aws"/>
    <property name="java.runtime.name" value="OpenJDK Runtime Environment"/>
    <property name="file.encoding" value="UTF-8"/>
    <property name="java.vm.name" value="OpenJDK 64-Bit Server VM"/>
    <property name="localRepository" value="/home/codio/.m2/repository"/>
    <property name="java.vendor.url.bug" value="https://bugreport.java.com/bugreport/"/>
    <property name="java.io.tmpdir" value="/tmp"/>
    <property name="java.version" value="17.0.2"/>
    <property name="user.dir" value="/home/codio/workspace"/>
    <property name="os.arch" value="amd64"/>
    <property name="java.vm.specification.name" value="Java Virtual Machine Specification"/>
    <property name="native.encoding" value="UTF-8"/>
    <property name="java.library.path" value="/usr/java/packages/lib:/usr/lib64:/lib64:/lib:/usr/lib"/>
    <property name="java.vm.info" value="mixed mode, sharing"/>
    <property name="java.vendor" value="Oracle Corporation"/>
    <property name="java.vm.version" value="17.0.2+8-86"/>
    <property name="sun.io.unicode.encoding" value="UnicodeLittle"/>
    <property name="java.class.version" value="61.0"/>
  </properties>
  <testcase name="testNickCollision" classname="org.cis120.Task3Test" time="0">
    <error message="Cannot invoke &quot;java.util.Collection.contains(Object)&quot; because &quot;existingUsers&quot; is null" type="java.lang.NullPointerException">java.lang.NullPointerException: Cannot invoke "java.util.Collection.contains(Object)" because "existingUsers" is null
	at org.cis120.Task3Test.testNickCollision(Task3Test.java:111)
</error>
  </testcase>
  <testcase name="testDeregisterSingleUser" classname="org.cis120.Task3Test" time="0">
    <error message="Cannot invoke &quot;java.util.Collection.contains(Object)&quot; because &quot;existingUsers&quot; is null" type="java.lang.NullPointerException">java.lang.NullPointerException: Cannot invoke "java.util.Collection.contains(Object)" because "existingUsers" is null
	at org.cis120.Task3Test.testDeregisterSingleUser(Task3Test.java:82)
</error>
  </testcase>
  <testcase name="testRegisterMultipleUsers" classname="org.cis120.Task3Test" time="0">
    <error message="Cannot invoke &quot;java.util.Collection.contains(Object)&quot; because &quot;existingUsers&quot; is null" type="java.lang.NullPointerException">java.lang.NullPointerException: Cannot invoke "java.util.Collection.contains(Object)" because "existingUsers" is null
	at org.cis120.Task3Test.testRegisterMultipleUsers(Task3Test.java:67)
</error>
  </testcase>
  <testcase name="testDeregisterOneOfManyUsers" classname="org.cis120.Task3Test" time="0.001">
    <error message="Cannot invoke &quot;java.util.Collection.contains(Object)&quot; because &quot;existingUsers&quot; is null" type="java.lang.NullPointerException">java.lang.NullPointerException: Cannot invoke "java.util.Collection.contains(Object)" because "existingUsers" is null
	at org.cis120.Task3Test.testDeregisterOneOfManyUsers(Task3Test.java:89)
</error>
  </testcase>
  <testcase name="testNickNotInChannels" classname="org.cis120.Task3Test" time="0">
    <error message="Cannot invoke &quot;java.util.Collection.contains(Object)&quot; because &quot;existingUsers&quot; is null" type="java.lang.NullPointerException">java.lang.NullPointerException: Cannot invoke "java.util.Collection.contains(Object)" because "existingUsers" is null
	at org.cis120.Task3Test.testNickNotInChannels(Task3Test.java:99)
</error>
  </testcase>
  <testcase name="testEmptyOnInit" classname="org.cis120.Task3Test" time="0">
    <error message="Cannot invoke &quot;java.util.Collection.isEmpty()&quot; because the return value of &quot;org.cis120.ServerModel.getRegisteredUsers()&quot; is null" type="java.lang.NullPointerException">java.lang.NullPointerException: Cannot invoke "java.util.Collection.isEmpty()" because the return value of "org.cis120.ServerModel.getRegisteredUsers()" is null
	at org.cis120.Task3Test.testEmptyOnInit(Task3Test.java:36)
</error>
  </testcase>
  <testcase name="testRegisterSingleUser" classname="org.cis120.Task3Test" time="0">
    <error message="Cannot invoke &quot;java.util.Collection.contains(Object)&quot; because &quot;existingUsers&quot; is null" type="java.lang.NullPointerException">java.lang.NullPointerException: Cannot invoke "java.util.Collection.contains(Object)" because "existingUsers" is null
	at org.cis120.Task3Test.testRegisterSingleUser(Task3Test.java:50)
</error>
  </testcase>
  <testcase name="testEncapsulationGetRegisteredUsers" classname="org.cis120.Task3Test" time="0">
    <error message="Cannot invoke &quot;java.util.Collection.contains(Object)&quot; because &quot;existingUsers&quot; is null" type="java.lang.NullPointerException">java.lang.NullPointerException: Cannot invoke "java.util.Collection.contains(Object)" because "existingUsers" is null
	at org.cis120.Task3Test.testEncapsulationGetRegisteredUsers(Task3Test.java:138)
</error>
  </testcase>
  <testcase name="testNickCollisionOnConnect" classname="org.cis120.Task3Test" time="0">
    <error message="Cannot invoke &quot;java.util.Collection.contains(Object)&quot; because &quot;existingUsers&quot; is null" type="java.lang.NullPointerException">java.lang.NullPointerException: Cannot invoke "java.util.Collection.contains(Object)" because "existingUsers" is null
	at org.cis120.Task3Test.testNickCollisionOnConnect(Task3Test.java:123)
</error>
  </testcase>
</testsuite>